<?xml version="1.0" encoding="UTF-8"?>
<coverage generated="1593362021568" clover="3.2.0">
  <project timestamp="1593362021568" name="All files">
    <metrics statements="90" coveredstatements="90" conditionals="51" coveredconditionals="49" methods="19" coveredmethods="19" elements="160" coveredelements="158" complexity="0" loc="90" ncloc="90" packages="1" files="2" classes="2"/>
    <file name="main.js" path="/Users/arturo/projects/guidesmiths-test/martian-robots/main.js">
      <metrics statements="30" coveredstatements="30" conditionals="8" coveredconditionals="8" methods="6" coveredmethods="6"/>
      <line num="1" count="2" type="stmt"/>
      <line num="2" count="8" type="stmt"/>
      <line num="3" count="8" type="stmt"/>
      <line num="5" count="8" type="stmt"/>
      <line num="11" count="8" type="stmt"/>
      <line num="12" count="8" type="stmt"/>
      <line num="14" count="7" type="stmt"/>
      <line num="15" count="18" type="cond" truecount="2" falsecount="0"/>
      <line num="16" count="9" type="stmt"/>
      <line num="18" count="18" type="stmt"/>
      <line num="21" count="7" type="stmt"/>
      <line num="22" count="7" type="stmt"/>
      <line num="24" count="7" type="stmt"/>
      <line num="25" count="9" type="stmt"/>
      <line num="26" count="9" type="stmt"/>
      <line num="28" count="7" type="stmt"/>
      <line num="31" count="2" type="stmt"/>
      <line num="32" count="10" type="stmt"/>
      <line num="33" count="19" type="cond" truecount="4" falsecount="0"/>
      <line num="34" count="1" type="stmt"/>
      <line num="35" count="1" type="stmt"/>
      <line num="37" count="9" type="stmt"/>
      <line num="40" count="2" type="stmt"/>
      <line num="41" count="9" type="cond" truecount="2" falsecount="0"/>
      <line num="42" count="1" type="stmt"/>
      <line num="43" count="1" type="stmt"/>
      <line num="45" count="8" type="stmt"/>
      <line num="48" count="2" type="stmt"/>
      <line num="49" count="2" type="stmt"/>
      <line num="50" count="2" type="stmt"/>
    </file>
    <file name="robot.js" path="/Users/arturo/projects/guidesmiths-test/martian-robots/robot.js">
      <metrics statements="60" coveredstatements="60" conditionals="43" coveredconditionals="41" methods="13" coveredmethods="13"/>
      <line num="1" count="2" type="stmt"/>
      <line num="5" count="12" type="stmt"/>
      <line num="6" count="12" type="stmt"/>
      <line num="7" count="12" type="stmt"/>
      <line num="8" count="12" type="stmt"/>
      <line num="9" count="12" type="stmt"/>
      <line num="10" count="12" type="stmt"/>
      <line num="11" count="12" type="stmt"/>
      <line num="12" count="12" type="stmt"/>
      <line num="16" count="9" type="stmt"/>
      <line num="17" count="9" type="stmt"/>
      <line num="18" count="9" type="stmt"/>
      <line num="19" count="9" type="stmt"/>
      <line num="20" count="9" type="stmt"/>
      <line num="24" count="10" type="cond" truecount="2" falsecount="0"/>
      <line num="30" count="1" type="stmt"/>
      <line num="31" count="1" type="stmt"/>
      <line num="36" count="11" type="cond" truecount="2" falsecount="0"/>
      <line num="37" count="1" type="stmt"/>
      <line num="38" count="1" type="stmt"/>
      <line num="40" count="10" type="stmt"/>
      <line num="41" count="10" type="cond" truecount="2" falsecount="0"/>
      <line num="42" count="1" type="stmt"/>
      <line num="43" count="1" type="stmt"/>
      <line num="48" count="9" type="stmt"/>
      <line num="49" count="49" type="cond" truecount="1" falsecount="1"/>
      <line num="50" count="49" type="cond" truecount="3" falsecount="0"/>
      <line num="52" count="10" type="stmt"/>
      <line num="53" count="10" type="stmt"/>
      <line num="55" count="8" type="stmt"/>
      <line num="56" count="8" type="stmt"/>
      <line num="58" count="31" type="stmt"/>
      <line num="59" count="31" type="stmt"/>
      <line num="66" count="18" type="cond" truecount="4" falsecount="0"/>
      <line num="68" count="9" type="cond" truecount="2" falsecount="0"/>
      <line num="69" count="9" type="stmt"/>
      <line num="71" count="4" type="cond" truecount="2" falsecount="0"/>
      <line num="72" count="4" type="stmt"/>
      <line num="74" count="1" type="cond" truecount="1" falsecount="1"/>
      <line num="75" count="1" type="stmt"/>
      <line num="77" count="4" type="cond" truecount="2" falsecount="0"/>
      <line num="78" count="4" type="stmt"/>
      <line num="83" count="31" type="cond" truecount="4" falsecount="0"/>
      <line num="85" count="10" type="cond" truecount="2" falsecount="0"/>
      <line num="86" count="10" type="stmt"/>
      <line num="88" count="11" type="cond" truecount="2" falsecount="0"/>
      <line num="89" count="11" type="stmt"/>
      <line num="91" count="5" type="cond" truecount="2" falsecount="0"/>
      <line num="92" count="5" type="stmt"/>
      <line num="94" count="5" type="cond" truecount="2" falsecount="0"/>
      <line num="95" count="5" type="stmt"/>
      <line num="100" count="6" type="stmt"/>
      <line num="101" count="6" type="cond" truecount="2" falsecount="0"/>
      <line num="103" count="17" type="stmt"/>
      <line num="106" count="5" type="stmt"/>
      <line num="111" count="5" type="stmt"/>
      <line num="112" count="5" type="stmt"/>
      <line num="116" count="9" type="cond" truecount="2" falsecount="0"/>
      <line num="117" count="9" type="stmt"/>
      <line num="121" count="2" type="stmt"/>
    </file>
  </project>
</coverage>
