{"/Users/arturo/projects/guidesmiths-test/martian-robots/main.js": {"path":"/Users/arturo/projects/guidesmiths-test/martian-robots/main.js","statementMap":{"0":{"start":{"line":1,"column":13},"end":{"line":29,"column":1}},"1":{"start":{"line":2,"column":22},"end":{"line":2,"column":30}},"2":{"start":{"line":3,"column":21},"end":{"line":3,"column":45}},"3":{"start":{"line":5,"column":4},"end":{"line":9,"column":5}},"4":{"start":{"line":11,"column":24},"end":{"line":11,"column":38}},"5":{"start":{"line":12,"column":31},"end":{"line":12,"column":61}},"6":{"start":{"line":14,"column":23},"end":{"line":19,"column":10}},"7":{"start":{"line":15,"column":8},"end":{"line":17,"column":9}},"8":{"start":{"line":16,"column":12},"end":{"line":16,"column":66}},"9":{"start":{"line":18,"column":8},"end":{"line":18,"column":18}},"10":{"start":{"line":21,"column":18},"end":{"line":21,"column":36}},"11":{"start":{"line":22,"column":17},"end":{"line":22,"column":19}},"12":{"start":{"line":24,"column":4},"end":{"line":27,"column":7}},"13":{"start":{"line":25,"column":22},"end":{"line":25,"column":47}},"14":{"start":{"line":26,"column":8},"end":{"line":26,"column":42}},"15":{"start":{"line":28,"column":4},"end":{"line":28,"column":18}},"16":{"start":{"line":31,"column":22},"end":{"line":38,"column":1}},"17":{"start":{"line":32,"column":21},"end":{"line":32,"column":41}},"18":{"start":{"line":33,"column":4},"end":{"line":36,"column":5}},"19":{"start":{"line":33,"column":26},"end":{"line":33,"column":41}},"20":{"start":{"line":34,"column":31},"end":{"line":34,"column":89}},"21":{"start":{"line":35,"column":8},"end":{"line":35,"column":29}},"22":{"start":{"line":37,"column":4},"end":{"line":37,"column":20}},"23":{"start":{"line":40,"column":26},"end":{"line":46,"column":1}},"24":{"start":{"line":41,"column":4},"end":{"line":44,"column":5}},"25":{"start":{"line":42,"column":31},"end":{"line":42,"column":72}},"26":{"start":{"line":43,"column":8},"end":{"line":43,"column":29}},"27":{"start":{"line":45,"column":4},"end":{"line":45,"column":23}},"28":{"start":{"line":48,"column":0},"end":{"line":48,"column":38}},"29":{"start":{"line":49,"column":0},"end":{"line":49,"column":46}},"30":{"start":{"line":50,"column":0},"end":{"line":50,"column":20}}},"fnMap":{"0":{"name":"(anonymous_0)","decl":{"start":{"line":1,"column":13},"end":{"line":1,"column":14}},"loc":{"start":{"line":1,"column":22},"end":{"line":29,"column":1}},"line":1},"1":{"name":"(anonymous_1)","decl":{"start":{"line":14,"column":49},"end":{"line":14,"column":50}},"loc":{"start":{"line":14,"column":71},"end":{"line":19,"column":5}},"line":14},"2":{"name":"(anonymous_2)","decl":{"start":{"line":24,"column":23},"end":{"line":24,"column":24}},"loc":{"start":{"line":24,"column":43},"end":{"line":27,"column":5}},"line":24},"3":{"name":"(anonymous_3)","decl":{"start":{"line":31,"column":22},"end":{"line":31,"column":23}},"loc":{"start":{"line":31,"column":35},"end":{"line":38,"column":1}},"line":31},"4":{"name":"(anonymous_4)","decl":{"start":{"line":33,"column":21},"end":{"line":33,"column":22}},"loc":{"start":{"line":33,"column":26},"end":{"line":33,"column":41}},"line":33},"5":{"name":"(anonymous_5)","decl":{"start":{"line":40,"column":26},"end":{"line":40,"column":27}},"loc":{"start":{"line":40,"column":41},"end":{"line":46,"column":1}},"line":40}},"branchMap":{"0":{"loc":{"start":{"line":15,"column":8},"end":{"line":17,"column":9}},"type":"if","locations":[{"start":{"line":15,"column":8},"end":{"line":17,"column":9}},{"start":{"line":15,"column":8},"end":{"line":17,"column":9}}],"line":15},"1":{"loc":{"start":{"line":33,"column":4},"end":{"line":36,"column":5}},"type":"if","locations":[{"start":{"line":33,"column":4},"end":{"line":36,"column":5}},{"start":{"line":33,"column":4},"end":{"line":36,"column":5}}],"line":33},"2":{"loc":{"start":{"line":33,"column":26},"end":{"line":33,"column":41}},"type":"binary-expr","locations":[{"start":{"line":33,"column":26},"end":{"line":33,"column":32}},{"start":{"line":33,"column":36},"end":{"line":33,"column":41}}],"line":33},"3":{"loc":{"start":{"line":41,"column":4},"end":{"line":44,"column":5}},"type":"if","locations":[{"start":{"line":41,"column":4},"end":{"line":44,"column":5}},{"start":{"line":41,"column":4},"end":{"line":44,"column":5}}],"line":41}},"s":{"0":2,"1":8,"2":8,"3":8,"4":8,"5":8,"6":7,"7":18,"8":9,"9":18,"10":7,"11":7,"12":7,"13":9,"14":9,"15":7,"16":2,"17":10,"18":10,"19":19,"20":1,"21":1,"22":9,"23":2,"24":9,"25":1,"26":1,"27":8,"28":2,"29":2,"30":2},"f":{"0":8,"1":18,"2":9,"3":10,"4":19,"5":9},"b":{"0":[9,9],"1":[1,9],"2":[19,18],"3":[1,8]},"_coverageSchema":"1a1c01bbd47fc00a2c39e90264f33305004495a9","hash":"a8a9e874a33ef46db2c161bc306ca8a9f4a15a3b"}
,"/Users/arturo/projects/guidesmiths-test/martian-robots/robot.js": {"path":"/Users/arturo/projects/guidesmiths-test/martian-robots/robot.js","statementMap":{"0":{"start":{"line":1,"column":17},"end":{"line":1,"column":34}},"1":{"start":{"line":5,"column":56},"end":{"line":5,"column":65}},"2":{"start":{"line":6,"column":8},"end":{"line":6,"column":26}},"3":{"start":{"line":7,"column":8},"end":{"line":7,"column":26}},"4":{"start":{"line":8,"column":8},"end":{"line":8,"column":53}},"5":{"start":{"line":9,"column":8},"end":{"line":9,"column":55}},"6":{"start":{"line":10,"column":8},"end":{"line":10,"column":26}},"7":{"start":{"line":11,"column":8},"end":{"line":11,"column":42}},"8":{"start":{"line":12,"column":8},"end":{"line":12,"column":23}},"9":{"start":{"line":16,"column":8},"end":{"line":16,"column":36}},"10":{"start":{"line":17,"column":8},"end":{"line":17,"column":33}},"11":{"start":{"line":18,"column":8},"end":{"line":18,"column":32}},"12":{"start":{"line":19,"column":8},"end":{"line":19,"column":24}},"13":{"start":{"line":20,"column":8},"end":{"line":20,"column":25}},"14":{"start":{"line":24,"column":8},"end":{"line":32,"column":9}},"15":{"start":{"line":30,"column":42},"end":{"line":30,"column":173}},"16":{"start":{"line":31,"column":12},"end":{"line":31,"column":40}},"17":{"start":{"line":36,"column":8},"end":{"line":39,"column":9}},"18":{"start":{"line":37,"column":37},"end":{"line":37,"column":126}},"19":{"start":{"line":38,"column":12},"end":{"line":38,"column":35}},"20":{"start":{"line":40,"column":37},"end":{"line":40,"column":81}},"21":{"start":{"line":41,"column":8},"end":{"line":44,"column":9}},"22":{"start":{"line":42,"column":42},"end":{"line":42,"column":122}},"23":{"start":{"line":43,"column":12},"end":{"line":43,"column":40}},"24":{"start":{"line":48,"column":8},"end":{"line":62,"column":11}},"25":{"start":{"line":49,"column":12},"end":{"line":61,"column":13}},"26":{"start":{"line":50,"column":16},"end":{"line":60,"column":17}},"27":{"start":{"line":52,"column":24},"end":{"line":52,"column":39}},"28":{"start":{"line":53,"column":24},"end":{"line":53,"column":30}},"29":{"start":{"line":55,"column":24},"end":{"line":55,"column":39}},"30":{"start":{"line":56,"column":24},"end":{"line":56,"column":30}},"31":{"start":{"line":58,"column":24},"end":{"line":58,"column":39}},"32":{"start":{"line":59,"column":24},"end":{"line":59,"column":30}},"33":{"start":{"line":66,"column":8},"end":{"line":79,"column":9}},"34":{"start":{"line":68,"column":16},"end":{"line":68,"column":67}},"35":{"start":{"line":69,"column":16},"end":{"line":69,"column":22}},"36":{"start":{"line":71,"column":16},"end":{"line":71,"column":67}},"37":{"start":{"line":72,"column":16},"end":{"line":72,"column":22}},"38":{"start":{"line":74,"column":16},"end":{"line":74,"column":67}},"39":{"start":{"line":75,"column":16},"end":{"line":75,"column":22}},"40":{"start":{"line":77,"column":16},"end":{"line":77,"column":67}},"41":{"start":{"line":78,"column":16},"end":{"line":78,"column":22}},"42":{"start":{"line":83,"column":8},"end":{"line":96,"column":9}},"43":{"start":{"line":85,"column":16},"end":{"line":85,"column":75}},"44":{"start":{"line":86,"column":16},"end":{"line":86,"column":22}},"45":{"start":{"line":88,"column":16},"end":{"line":88,"column":75}},"46":{"start":{"line":89,"column":16},"end":{"line":89,"column":22}},"47":{"start":{"line":91,"column":16},"end":{"line":91,"column":66}},"48":{"start":{"line":92,"column":16},"end":{"line":92,"column":22}},"49":{"start":{"line":94,"column":16},"end":{"line":94,"column":66}},"50":{"start":{"line":95,"column":16},"end":{"line":95,"column":22}},"51":{"start":{"line":100,"column":28},"end":{"line":100,"column":50}},"52":{"start":{"line":101,"column":8},"end":{"line":107,"column":9}},"53":{"start":{"line":103,"column":16},"end":{"line":103,"column":74}},"54":{"start":{"line":103,"column":47},"end":{"line":103,"column":73}},"55":{"start":{"line":106,"column":12},"end":{"line":106,"column":29}},"56":{"start":{"line":111,"column":8},"end":{"line":111,"column":49}},"57":{"start":{"line":112,"column":8},"end":{"line":112,"column":25}},"58":{"start":{"line":116,"column":8},"end":{"line":116,"column":95}},"59":{"start":{"line":117,"column":8},"end":{"line":117,"column":73}},"60":{"start":{"line":121,"column":0},"end":{"line":121,"column":23}}},"fnMap":{"0":{"name":"(anonymous_0)","decl":{"start":{"line":4,"column":4},"end":{"line":4,"column":5}},"loc":{"start":{"line":4,"column":32},"end":{"line":13,"column":5}},"line":4},"1":{"name":"(anonymous_1)","decl":{"start":{"line":15,"column":4},"end":{"line":15,"column":5}},"loc":{"start":{"line":15,"column":19},"end":{"line":21,"column":5}},"line":15},"2":{"name":"(anonymous_2)","decl":{"start":{"line":23,"column":4},"end":{"line":23,"column":5}},"loc":{"start":{"line":23,"column":27},"end":{"line":33,"column":5}},"line":23},"3":{"name":"(anonymous_3)","decl":{"start":{"line":35,"column":4},"end":{"line":35,"column":5}},"loc":{"start":{"line":35,"column":24},"end":{"line":45,"column":5}},"line":35},"4":{"name":"(anonymous_4)","decl":{"start":{"line":47,"column":4},"end":{"line":47,"column":5}},"loc":{"start":{"line":47,"column":23},"end":{"line":63,"column":5}},"line":47},"5":{"name":"(anonymous_5)","decl":{"start":{"line":48,"column":44},"end":{"line":48,"column":45}},"loc":{"start":{"line":48,"column":59},"end":{"line":62,"column":9}},"line":48},"6":{"name":"(anonymous_6)","decl":{"start":{"line":65,"column":4},"end":{"line":65,"column":5}},"loc":{"start":{"line":65,"column":22},"end":{"line":80,"column":5}},"line":65},"7":{"name":"(anonymous_7)","decl":{"start":{"line":82,"column":4},"end":{"line":82,"column":5}},"loc":{"start":{"line":82,"column":14},"end":{"line":97,"column":5}},"line":82},"8":{"name":"(anonymous_8)","decl":{"start":{"line":99,"column":4},"end":{"line":99,"column":5}},"loc":{"start":{"line":99,"column":17},"end":{"line":108,"column":5}},"line":99},"9":{"name":"(anonymous_9)","decl":{"start":{"line":102,"column":30},"end":{"line":102,"column":31}},"loc":{"start":{"line":103,"column":16},"end":{"line":103,"column":74}},"line":103},"10":{"name":"(anonymous_10)","decl":{"start":{"line":103,"column":31},"end":{"line":103,"column":32}},"loc":{"start":{"line":103,"column":47},"end":{"line":103,"column":73}},"line":103},"11":{"name":"(anonymous_11)","decl":{"start":{"line":110,"column":4},"end":{"line":110,"column":5}},"loc":{"start":{"line":110,"column":16},"end":{"line":113,"column":5}},"line":110},"12":{"name":"(anonymous_12)","decl":{"start":{"line":115,"column":4},"end":{"line":115,"column":5}},"loc":{"start":{"line":115,"column":15},"end":{"line":118,"column":5}},"line":115}},"branchMap":{"0":{"loc":{"start":{"line":24,"column":8},"end":{"line":32,"column":9}},"type":"if","locations":[{"start":{"line":24,"column":8},"end":{"line":32,"column":9}},{"start":{"line":24,"column":8},"end":{"line":32,"column":9}}],"line":24},"1":{"loc":{"start":{"line":25,"column":12},"end":{"line":28,"column":25}},"type":"binary-expr","locations":[{"start":{"line":25,"column":12},"end":{"line":25,"column":34}},{"start":{"line":26,"column":12},"end":{"line":26,"column":34}},{"start":{"line":27,"column":12},"end":{"line":27,"column":25}},{"start":{"line":28,"column":12},"end":{"line":28,"column":25}}],"line":25},"2":{"loc":{"start":{"line":36,"column":8},"end":{"line":39,"column":9}},"type":"if","locations":[{"start":{"line":36,"column":8},"end":{"line":39,"column":9}},{"start":{"line":36,"column":8},"end":{"line":39,"column":9}}],"line":36},"3":{"loc":{"start":{"line":41,"column":8},"end":{"line":44,"column":9}},"type":"if","locations":[{"start":{"line":41,"column":8},"end":{"line":44,"column":9}},{"start":{"line":41,"column":8},"end":{"line":44,"column":9}}],"line":41},"4":{"loc":{"start":{"line":49,"column":12},"end":{"line":61,"column":13}},"type":"if","locations":[{"start":{"line":49,"column":12},"end":{"line":61,"column":13}},{"start":{"line":49,"column":12},"end":{"line":61,"column":13}}],"line":49},"5":{"loc":{"start":{"line":50,"column":16},"end":{"line":60,"column":17}},"type":"switch","locations":[{"start":{"line":51,"column":20},"end":{"line":53,"column":30}},{"start":{"line":54,"column":20},"end":{"line":56,"column":30}},{"start":{"line":57,"column":20},"end":{"line":59,"column":30}}],"line":50},"6":{"loc":{"start":{"line":66,"column":8},"end":{"line":79,"column":9}},"type":"switch","locations":[{"start":{"line":67,"column":12},"end":{"line":69,"column":22}},{"start":{"line":70,"column":12},"end":{"line":72,"column":22}},{"start":{"line":73,"column":12},"end":{"line":75,"column":22}},{"start":{"line":76,"column":12},"end":{"line":78,"column":22}}],"line":66},"7":{"loc":{"start":{"line":68,"column":35},"end":{"line":68,"column":66}},"type":"cond-expr","locations":[{"start":{"line":68,"column":57},"end":{"line":68,"column":60}},{"start":{"line":68,"column":63},"end":{"line":68,"column":66}}],"line":68},"8":{"loc":{"start":{"line":71,"column":35},"end":{"line":71,"column":66}},"type":"cond-expr","locations":[{"start":{"line":71,"column":57},"end":{"line":71,"column":60}},{"start":{"line":71,"column":63},"end":{"line":71,"column":66}}],"line":71},"9":{"loc":{"start":{"line":74,"column":35},"end":{"line":74,"column":66}},"type":"cond-expr","locations":[{"start":{"line":74,"column":57},"end":{"line":74,"column":60}},{"start":{"line":74,"column":63},"end":{"line":74,"column":66}}],"line":74},"10":{"loc":{"start":{"line":77,"column":35},"end":{"line":77,"column":66}},"type":"cond-expr","locations":[{"start":{"line":77,"column":57},"end":{"line":77,"column":60}},{"start":{"line":77,"column":63},"end":{"line":77,"column":66}}],"line":77},"11":{"loc":{"start":{"line":83,"column":8},"end":{"line":96,"column":9}},"type":"switch","locations":[{"start":{"line":84,"column":12},"end":{"line":86,"column":22}},{"start":{"line":87,"column":12},"end":{"line":89,"column":22}},{"start":{"line":90,"column":12},"end":{"line":92,"column":22}},{"start":{"line":93,"column":12},"end":{"line":95,"column":22}}],"line":83},"12":{"loc":{"start":{"line":85,"column":16},"end":{"line":85,"column":74}},"type":"cond-expr","locations":[{"start":{"line":85,"column":43},"end":{"line":85,"column":60}},{"start":{"line":85,"column":63},"end":{"line":85,"column":74}}],"line":85},"13":{"loc":{"start":{"line":88,"column":16},"end":{"line":88,"column":74}},"type":"cond-expr","locations":[{"start":{"line":88,"column":43},"end":{"line":88,"column":60}},{"start":{"line":88,"column":63},"end":{"line":88,"column":74}}],"line":88},"14":{"loc":{"start":{"line":91,"column":16},"end":{"line":91,"column":65}},"type":"cond-expr","locations":[{"start":{"line":91,"column":34},"end":{"line":91,"column":51}},{"start":{"line":91,"column":54},"end":{"line":91,"column":65}}],"line":91},"15":{"loc":{"start":{"line":94,"column":16},"end":{"line":94,"column":65}},"type":"cond-expr","locations":[{"start":{"line":94,"column":34},"end":{"line":94,"column":51}},{"start":{"line":94,"column":54},"end":{"line":94,"column":65}}],"line":94},"16":{"loc":{"start":{"line":101,"column":8},"end":{"line":107,"column":9}},"type":"if","locations":[{"start":{"line":101,"column":8},"end":{"line":107,"column":9}},{"start":{"line":101,"column":8},"end":{"line":107,"column":9}}],"line":101},"17":{"loc":{"start":{"line":116,"column":68},"end":{"line":116,"column":92}},"type":"cond-expr","locations":[{"start":{"line":116,"column":80},"end":{"line":116,"column":87}},{"start":{"line":116,"column":90},"end":{"line":116,"column":92}}],"line":116}},"s":{"0":2,"1":12,"2":12,"3":12,"4":12,"5":12,"6":12,"7":12,"8":12,"9":9,"10":9,"11":9,"12":9,"13":9,"14":10,"15":1,"16":1,"17":11,"18":1,"19":1,"20":10,"21":10,"22":1,"23":1,"24":9,"25":49,"26":49,"27":10,"28":10,"29":8,"30":8,"31":31,"32":31,"33":18,"34":9,"35":9,"36":4,"37":4,"38":1,"39":1,"40":4,"41":4,"42":31,"43":10,"44":10,"45":11,"46":11,"47":5,"48":5,"49":5,"50":5,"51":6,"52":6,"53":15,"54":17,"55":5,"56":5,"57":5,"58":9,"59":9,"60":2},"f":{"0":12,"1":9,"2":10,"3":11,"4":9,"5":49,"6":18,"7":31,"8":6,"9":15,"10":17,"11":5,"12":9},"b":{"0":[1,9],"1":[10,10,9,9],"2":[1,10],"3":[1,9],"4":[49,0],"5":[10,8,31],"6":[9,4,1,4],"7":[4,5],"8":[3,1],"9":[0,1],"10":[3,1],"11":[10,11,5,5],"12":[3,7],"13":[1,10],"14":[1,4],"15":[1,4],"16":[5,1],"17":[5,4]},"_coverageSchema":"1a1c01bbd47fc00a2c39e90264f33305004495a9","hash":"ed1f97e10f00f5460b5a1f848f81844d8fbf8ec2"}
}
