TN:
SF:main.js
FN:1,(anonymous_0)
FN:14,(anonymous_1)
FN:24,(anonymous_2)
FN:31,(anonymous_3)
FN:33,(anonymous_4)
FN:40,(anonymous_5)
FNF:6
FNH:6
FNDA:8,(anonymous_0)
FNDA:18,(anonymous_1)
FNDA:9,(anonymous_2)
FNDA:10,(anonymous_3)
FNDA:19,(anonymous_4)
FNDA:9,(anonymous_5)
DA:1,2
DA:2,8
DA:3,8
DA:5,8
DA:11,8
DA:12,8
DA:14,7
DA:15,18
DA:16,9
DA:18,18
DA:21,7
DA:22,7
DA:24,7
DA:25,9
DA:26,9
DA:28,7
DA:31,2
DA:32,10
DA:33,19
DA:34,1
DA:35,1
DA:37,9
DA:40,2
DA:41,9
DA:42,1
DA:43,1
DA:45,8
DA:48,2
DA:49,2
DA:50,2
LF:30
LH:30
BRDA:15,0,0,9
BRDA:15,0,1,9
BRDA:33,1,0,1
BRDA:33,1,1,9
BRDA:33,2,0,19
BRDA:33,2,1,18
BRDA:41,3,0,1
BRDA:41,3,1,8
BRF:8
BRH:8
end_of_record
TN:
SF:robot.js
FN:4,(anonymous_0)
FN:15,(anonymous_1)
FN:23,(anonymous_2)
FN:35,(anonymous_3)
FN:47,(anonymous_4)
FN:48,(anonymous_5)
FN:65,(anonymous_6)
FN:82,(anonymous_7)
FN:99,(anonymous_8)
FN:102,(anonymous_9)
FN:103,(anonymous_10)
FN:110,(anonymous_11)
FN:115,(anonymous_12)
FNF:13
FNH:13
FNDA:12,(anonymous_0)
FNDA:9,(anonymous_1)
FNDA:10,(anonymous_2)
FNDA:11,(anonymous_3)
FNDA:9,(anonymous_4)
FNDA:49,(anonymous_5)
FNDA:18,(anonymous_6)
FNDA:31,(anonymous_7)
FNDA:6,(anonymous_8)
FNDA:15,(anonymous_9)
FNDA:17,(anonymous_10)
FNDA:5,(anonymous_11)
FNDA:9,(anonymous_12)
DA:1,2
DA:5,12
DA:6,12
DA:7,12
DA:8,12
DA:9,12
DA:10,12
DA:11,12
DA:12,12
DA:16,9
DA:17,9
DA:18,9
DA:19,9
DA:20,9
DA:24,10
DA:30,1
DA:31,1
DA:36,11
DA:37,1
DA:38,1
DA:40,10
DA:41,10
DA:42,1
DA:43,1
DA:48,9
DA:49,49
DA:50,49
DA:52,10
DA:53,10
DA:55,8
DA:56,8
DA:58,31
DA:59,31
DA:66,18
DA:68,9
DA:69,9
DA:71,4
DA:72,4
DA:74,1
DA:75,1
DA:77,4
DA:78,4
DA:83,31
DA:85,10
DA:86,10
DA:88,11
DA:89,11
DA:91,5
DA:92,5
DA:94,5
DA:95,5
DA:100,6
DA:101,6
DA:103,17
DA:106,5
DA:111,5
DA:112,5
DA:116,9
DA:117,9
DA:121,2
LF:60
LH:60
BRDA:24,0,0,1
BRDA:24,0,1,9
BRDA:25,1,0,10
BRDA:25,1,1,10
BRDA:25,1,2,9
BRDA:25,1,3,9
BRDA:36,2,0,1
BRDA:36,2,1,10
BRDA:41,3,0,1
BRDA:41,3,1,9
BRDA:49,4,0,49
BRDA:49,4,1,0
BRDA:50,5,0,10
BRDA:50,5,1,8
BRDA:50,5,2,31
BRDA:66,6,0,9
BRDA:66,6,1,4
BRDA:66,6,2,1
BRDA:66,6,3,4
BRDA:68,7,0,4
BRDA:68,7,1,5
BRDA:71,8,0,3
BRDA:71,8,1,1
BRDA:74,9,0,0
BRDA:74,9,1,1
BRDA:77,10,0,3
BRDA:77,10,1,1
BRDA:83,11,0,10
BRDA:83,11,1,11
BRDA:83,11,2,5
BRDA:83,11,3,5
BRDA:85,12,0,3
BRDA:85,12,1,7
BRDA:88,13,0,1
BRDA:88,13,1,10
BRDA:91,14,0,1
BRDA:91,14,1,4
BRDA:94,15,0,1
BRDA:94,15,1,4
BRDA:101,16,0,5
BRDA:101,16,1,1
BRDA:116,17,0,5
BRDA:116,17,1,4
BRF:43
BRH:41
end_of_record
